<?xml version="1.0" encoding="UTF-8"?>
<!-- Generated by org.testng.reporters.JUnitReportReporter -->
<testsuite skipped="0" hostname="LAPTOP-LOG2SSBM" name="omg.July.FifthTest" tests="3" failures="0" timestamp="2020-07-09T17:58:54 IST" time="18.637" errors="0">
  <testcase name="fb" time="7.054" classname="omg.July.FifthTest"/>
  <system-out/>
  <testcase name="fb" time="5.806" classname="omg.July.FifthTest"/>
  <system-out/>
  <testcase name="fb" time="5.777" classname="omg.July.FifthTest"/>
  <system-out/>
</testsuite> <!-- omg.July.FifthTest -->
