<?xml version="1.0" encoding="UTF-8"?>
<!-- Generated by org.testng.reporters.JUnitReportReporter -->
<testsuite skipped="0" hostname="LAPTOP-LOG2SSBM" name="omg.July.Fourthtest" tests="2" failures="0" timestamp="2020-07-09T18:05:48 IST" time="32.183" errors="0">
  <testcase name="dropdown" time="32.178" classname="omg.July.Fourthtest"/>
  <system-out/>
  <testcase name="showw" time="0.005" classname="omg.July.Fourthtest"/>
  <system-out/>
</testsuite> <!-- omg.July.Fourthtest -->
