<?xml version="1.0" encoding="UTF-8"?>
<!-- Generated by org.testng.reporters.JUnitReportReporter -->
<testsuite skipped="0" hostname="LAPTOP-LOG2SSBM" name="omg.July.SecondTest" tests="1" failures="0" timestamp="2020-07-08T18:12:20 IST" time="23.557" errors="0">
  <testcase name="nolink" time="23.557" classname="omg.July.SecondTest"/>
  <system-out/>
</testsuite> <!-- omg.July.SecondTest -->
