<?xml version="1.0" encoding="UTF-8"?>
<!-- Generated by org.testng.reporters.JUnitReportReporter -->
<testsuite skipped="0" hostname="LAPTOP-LOG2SSBM" name="omg.July.ThirdTest" tests="1" failures="0" timestamp="2020-07-09T18:05:48 IST" time="15.511" errors="0">
  <testcase name="actioui" time="15.511" classname="omg.July.ThirdTest"/>
  <system-out/>
</testsuite> <!-- omg.July.ThirdTest -->
