<?xml version="1.0" encoding="UTF-8"?>
<!-- Generated by org.testng.reporters.JUnitReportReporter -->
<testsuite skipped="0" hostname="LAPTOP-LOG2SSBM" name="omg.July.Fourthtest" tests="2" failures="0" timestamp="2020-07-10T14:52:00 IST" time="29.025" errors="0">
  <testcase name="dropdown" time="29.024" classname="omg.July.Fourthtest"/>
  <system-out/>
  <testcase name="showw" time="0.001" classname="omg.July.Fourthtest"/>
  <system-out/>
</testsuite> <!-- omg.July.Fourthtest -->
