<?xml version="1.0" encoding="UTF-8"?>
<!-- Generated by org.testng.reporters.JUnitReportReporter -->
<testsuite skipped="0" hostname="LAPTOP-LOG2SSBM" name="omg.July.FirstTest" tests="1" failures="0" timestamp="2020-07-10T14:52:00 IST" time="26.682" errors="0">
  <testcase name="dateSelection" time="26.682" classname="omg.July.FirstTest"/>
  <system-out/>
</testsuite> <!-- omg.July.FirstTest -->
